<?xml version="1.0" encoding="UTF-8"?>
<!-- Generated by org.testng.reporters.JUnitReportReporter -->
<testsuite hostname="DESKTOP-NJ3H1PR" failures="0" tests="1" name="com.example.AppTest" time="47.452" errors="0" timestamp="2024-08-28T19:27:28 CLT" skipped="0">
  <testcase classname="com.example.AppTest" name="testPlayVideo" time="47.452"/>
</testsuite> <!-- com.example.AppTest -->
